<?xml version="1.0" encoding="UTF-8"?>
<!-- Generated by org.testng.reporters.JUnitReportReporter -->
<testsuite skipped="0" hostname="Tithi-PC" name="com.qa.test.Test1" tests="1" failures="0" timestamp="2020-04-02T17:19:05 EDT" time="0.014" errors="0">
  <testcase name="test1" time="0.014" classname="com.qa.test.Test1"/>
  <system-out/>
</testsuite> <!-- com.qa.test.Test1 -->
